TpTrace Verbose: 0 : 18764, 1, 2021/08/09, 13:51:29.837, 349225767192, vstest.console.dll, Version: 16.10.0-release-20210511-06
TpTrace Information: 0 : 18764, 1, 2021/08/09, 13:51:29.853, 349225914244, vstest.console.dll, FilePatternParser: The given file C:\Users\seerg\source\repos\DesafioSoftplan\DesfafioSoftPlan.Tests\bin\Debug\netcoreapp3.1\fine-code-coverage\build-output\DesfafioSoftPlan.Tests.dll is a full path.
TpTrace Verbose: 0 : 18764, 1, 2021/08/09, 13:51:29.866, 349226038113, vstest.console.dll, TestPluginCache.DiscoverTestExtensions: finding test extensions in assemblies ends with: RuntimeProvider.dll TPluginInfo: Microsoft.VisualStudio.TestPlatform.Common.ExtensionFramework.Utilities.TestRuntimePluginInformation TExtension: Microsoft.VisualStudio.TestPlatform.ObjectModel.Host.ITestRuntimeProvider
TpTrace Verbose: 0 : 18764, 1, 2021/08/09, 13:51:29.866, 349226045704, vstest.console.dll, TestPluginCache.GetExtensionPaths: Filtered extension paths: 
TpTrace Verbose: 0 : 18764, 1, 2021/08/09, 13:51:29.867, 349226047495, vstest.console.dll, TestPluginCache.GetExtensionPaths: Added default extension paths: C:\Program Files\dotnet\sdk\5.0.300\Extensions\Microsoft.Diagnostics.NETCore.Client.dll
C:\Program Files\dotnet\sdk\5.0.300\Extensions\Microsoft.TestPlatform.Extensions.BlameDataCollector.dll
C:\Program Files\dotnet\sdk\5.0.300\Extensions\Microsoft.TestPlatform.Extensions.EventLogCollector.dll
C:\Program Files\dotnet\sdk\5.0.300\Extensions\Microsoft.TestPlatform.TestHostRuntimeProvider.dll
C:\Program Files\dotnet\sdk\5.0.300\Extensions\Microsoft.VisualStudio.TestPlatform.Extensions.Html.TestLogger.dll
C:\Program Files\dotnet\sdk\5.0.300\Extensions\Microsoft.VisualStudio.TestPlatform.Extensions.Trx.TestLogger.dll
TpTrace Verbose: 0 : 18764, 1, 2021/08/09, 13:51:29.867, 349226048073, vstest.console.dll, TestPluginCache.GetExtensionPaths: Added unfilterableExtensionPaths: 
TpTrace Information: 0 : 18764, 1, 2021/08/09, 13:51:29.868, 349226058855, vstest.console.dll, AssemblyResolver.ctor: Creating AssemblyResolver with searchDirectories C:\Program Files\dotnet\sdk\5.0.300\Extensions,C:\Program Files\dotnet\sdk\5.0.300
TpTrace Verbose: 0 : 18764, 1, 2021/08/09, 13:51:29.871, 349226091252, vstest.console.dll, TestPluginCache.DiscoverTestExtensions: Discovering the extensions using extension path.
TpTrace Verbose: 0 : 18764, 1, 2021/08/09, 13:51:29.871, 349226093546, vstest.console.dll, TestPluginCache.GetExtensionPaths: Filtered extension paths: 
TpTrace Verbose: 0 : 18764, 1, 2021/08/09, 13:51:29.871, 349226094301, vstest.console.dll, TestPluginCache.GetExtensionPaths: Added default extension paths: C:\Program Files\dotnet\sdk\5.0.300\Extensions\Microsoft.Diagnostics.NETCore.Client.dll
C:\Program Files\dotnet\sdk\5.0.300\Extensions\Microsoft.TestPlatform.Extensions.BlameDataCollector.dll
C:\Program Files\dotnet\sdk\5.0.300\Extensions\Microsoft.TestPlatform.Extensions.EventLogCollector.dll
C:\Program Files\dotnet\sdk\5.0.300\Extensions\Microsoft.TestPlatform.TestHostRuntimeProvider.dll
C:\Program Files\dotnet\sdk\5.0.300\Extensions\Microsoft.VisualStudio.TestPlatform.Extensions.Html.TestLogger.dll
C:\Program Files\dotnet\sdk\5.0.300\Extensions\Microsoft.VisualStudio.TestPlatform.Extensions.Trx.TestLogger.dll
TpTrace Verbose: 0 : 18764, 1, 2021/08/09, 13:51:29.871, 349226094736, vstest.console.dll, TestPluginCache.GetExtensionPaths: Added unfilterableExtensionPaths: 
TpTrace Verbose: 0 : 18764, 1, 2021/08/09, 13:51:29.871, 349226095604, vstest.console.dll, TestPluginCache.DiscoverTestExtensions: Discovering the extensions using allExtensionPaths: C:\Program Files\dotnet\sdk\5.0.300\Extensions\Microsoft.Diagnostics.NETCore.Client.dll
C:\Program Files\dotnet\sdk\5.0.300\Extensions\Microsoft.TestPlatform.Extensions.BlameDataCollector.dll
C:\Program Files\dotnet\sdk\5.0.300\Extensions\Microsoft.TestPlatform.Extensions.EventLogCollector.dll
C:\Program Files\dotnet\sdk\5.0.300\Extensions\Microsoft.TestPlatform.TestHostRuntimeProvider.dll
C:\Program Files\dotnet\sdk\5.0.300\Extensions\Microsoft.VisualStudio.TestPlatform.Extensions.Html.TestLogger.dll
C:\Program Files\dotnet\sdk\5.0.300\Extensions\Microsoft.VisualStudio.TestPlatform.Extensions.Trx.TestLogger.dll
TpTrace Information: 0 : 18764, 1, 2021/08/09, 13:51:29.872, 349226097793, vstest.console.dll, AssemblyResolver.AddSearchDirectories: Adding more searchDirectories C:\Program Files\dotnet\sdk\5.0.300\Extensions,C:\Program Files\dotnet\sdk\5.0.300
TpTrace Information: 0 : 18764, 1, 2021/08/09, 13:51:29.872, 349226098768, vstest.console.dll, AssemblyResolver.AddSearchDirectories: Adding more searchDirectories C:\Program Files\dotnet\sdk\5.0.300\Extensions,C:\Program Files\dotnet\sdk\5.0.300
TpTrace Information: 0 : 18764, 1, 2021/08/09, 13:51:29.872, 349226099298, vstest.console.dll, AssemblyResolver.AddSearchDirectories: Adding more searchDirectories C:\Program Files\dotnet\sdk\5.0.300\Extensions,C:\Program Files\dotnet\sdk\5.0.300
TpTrace Information: 0 : 18764, 1, 2021/08/09, 13:51:29.872, 349226099706, vstest.console.dll, AssemblyResolver.AddSearchDirectories: Adding more searchDirectories C:\Program Files\dotnet\sdk\5.0.300\Extensions,C:\Program Files\dotnet\sdk\5.0.300
TpTrace Information: 0 : 18764, 1, 2021/08/09, 13:51:29.872, 349226100140, vstest.console.dll, AssemblyResolver.AddSearchDirectories: Adding more searchDirectories C:\Program Files\dotnet\sdk\5.0.300\Extensions,C:\Program Files\dotnet\sdk\5.0.300
TpTrace Information: 0 : 18764, 1, 2021/08/09, 13:51:29.872, 349226100565, vstest.console.dll, AssemblyResolver.AddSearchDirectories: Adding more searchDirectories C:\Program Files\dotnet\sdk\5.0.300\Extensions,C:\Program Files\dotnet\sdk\5.0.300
TpTrace Information: 0 : 18764, 1, 2021/08/09, 13:51:29.872, 349226104983, vstest.console.dll, AssemblyResolver.OnResolve: Microsoft.Diagnostics.NETCore.Client: Resolving assembly.
TpTrace Information: 0 : 18764, 1, 2021/08/09, 13:51:29.872, 349226105825, vstest.console.dll, AssemblyResolver.OnResolve: Microsoft.Diagnostics.NETCore.Client: Searching in: 'C:\Program Files\dotnet\sdk\5.0.300\Extensions'.
TpTrace Information: 0 : 18764, 1, 2021/08/09, 13:51:29.873, 349226110975, vstest.console.dll, AssemblyResolver.OnResolve: Microsoft.Diagnostics.NETCore.Client: Loading assembly 'C:\Program Files\dotnet\sdk\5.0.300\Extensions\Microsoft.Diagnostics.NETCore.Client.dll'.
TpTrace Information: 0 : 18764, 1, 2021/08/09, 13:51:29.876, 349226138612, vstest.console.dll, AssemblyResolver.OnResolve: Resolved assembly: Microsoft.Diagnostics.NETCore.Client, from path: C:\Program Files\dotnet\sdk\5.0.300\Extensions\Microsoft.Diagnostics.NETCore.Client.dll
TpTrace Information: 0 : 18764, 1, 2021/08/09, 13:51:29.883, 349226215578, vstest.console.dll, AssemblyResolver.OnResolve: Microsoft.Bcl.AsyncInterfaces: Resolving assembly.
TpTrace Information: 0 : 18764, 1, 2021/08/09, 13:51:29.884, 349226216903, vstest.console.dll, AssemblyResolver.OnResolve: Microsoft.Bcl.AsyncInterfaces: Searching in: 'C:\Program Files\dotnet\sdk\5.0.300\Extensions'.
TpTrace Information: 0 : 18764, 1, 2021/08/09, 13:51:29.884, 349226218329, vstest.console.dll, AssemblyResolver.OnResolve: Microsoft.Bcl.AsyncInterfaces: Assembly path does not exist: 'C:\Program Files\dotnet\sdk\5.0.300\Extensions\Microsoft.Bcl.AsyncInterfaces.dll', returning.
TpTrace Information: 0 : 18764, 1, 2021/08/09, 13:51:29.884, 349226219338, vstest.console.dll, AssemblyResolver.OnResolve: Microsoft.Bcl.AsyncInterfaces: Assembly path does not exist: 'C:\Program Files\dotnet\sdk\5.0.300\Extensions\Microsoft.Bcl.AsyncInterfaces.exe', returning.
TpTrace Information: 0 : 18764, 1, 2021/08/09, 13:51:29.884, 349226219908, vstest.console.dll, AssemblyResolver.OnResolve: Microsoft.Bcl.AsyncInterfaces: Searching in: 'C:\Program Files\dotnet\sdk\5.0.300'.
TpTrace Information: 0 : 18764, 1, 2021/08/09, 13:51:29.884, 349226220840, vstest.console.dll, AssemblyResolver.OnResolve: Microsoft.Bcl.AsyncInterfaces: Assembly path does not exist: 'C:\Program Files\dotnet\sdk\5.0.300\Microsoft.Bcl.AsyncInterfaces.dll', returning.
TpTrace Information: 0 : 18764, 1, 2021/08/09, 13:51:29.884, 349226221736, vstest.console.dll, AssemblyResolver.OnResolve: Microsoft.Bcl.AsyncInterfaces: Assembly path does not exist: 'C:\Program Files\dotnet\sdk\5.0.300\Microsoft.Bcl.AsyncInterfaces.exe', returning.
TpTrace Information: 0 : 18764, 1, 2021/08/09, 13:51:29.884, 349226222718, vstest.console.dll, AssemblyResolver.OnResolve: Microsoft.Bcl.AsyncInterfaces: Failed to load assembly.
TpTrace Verbose: 0 : 18764, 1, 2021/08/09, 13:51:29.884, 349226223585, vstest.console.dll, CurrentDomainAssemblyResolve: Resolving assembly 'Microsoft.Bcl.AsyncInterfaces'.
TpTrace Information: 0 : 18764, 1, 2021/08/09, 13:51:29.884, 349226224441, vstest.console.dll, AssemblyResolver.OnResolve: Microsoft.Bcl.AsyncInterfaces: Resolving assembly.
TpTrace Information: 0 : 18764, 1, 2021/08/09, 13:51:29.884, 349226224968, vstest.console.dll, AssemblyResolver.OnResolve: Microsoft.Bcl.AsyncInterfaces: Resolved from cache.
TpTrace Verbose: 0 : 18764, 1, 2021/08/09, 13:51:29.884, 349226225373, vstest.console.dll, CurrentDomainAssemblyResolve: Resolving assembly 'Microsoft.Bcl.AsyncInterfaces'.
TpTrace Verbose: 0 : 18764, 1, 2021/08/09, 13:51:29.884, 349226225854, vstest.console.dll, CurrentDomainAssemblyResolve: Failed to resolve assembly 'Microsoft.Bcl.AsyncInterfaces'.
TpTrace Verbose: 0 : 18764, 1, 2021/08/09, 13:51:29.885, 349226235184, vstest.console.dll, CurrentDomainAssemblyResolve: Failed to resolve assembly 'Microsoft.Bcl.AsyncInterfaces'.
TpTrace Warning: 0 : 18764, 1, 2021/08/09, 13:51:29.913, 349226511782, vstest.console.dll, TestPluginDiscoverer: Failed to get types from assembly 'Microsoft.Diagnostics.NETCore.Client, Version=0.2.2.41902, Culture=neutral, PublicKeyToken=31bf3856ad364e35'.  Skipping test extension scan for this assembly.  Error: System.Reflection.ReflectionTypeLoadException: Unable to load one or more of the requested types.
Could not load file or assembly 'Microsoft.Bcl.AsyncInterfaces, Version=1.0.0.0, Culture=neutral, PublicKeyToken=cc7b13ffcd2ddd51'. O sistema não pode encontrar o arquivo especificado.
   at System.Reflection.RuntimeModule.GetTypes(RuntimeModule module)
   at System.Reflection.RuntimeModule.GetTypes()
   at System.Reflection.Assembly.GetTypes()
   at Microsoft.VisualStudio.TestPlatform.Common.ExtensionFramework.TestPluginDiscoverer.GetTestExtensionsFromAssembly[TPluginInfo,TExtension](Assembly assembly, Dictionary`2 pluginInfos)
System.IO.FileNotFoundException: Could not load file or assembly 'Microsoft.Bcl.AsyncInterfaces, Version=1.0.0.0, Culture=neutral, PublicKeyToken=cc7b13ffcd2ddd51'. O sistema não pode encontrar o arquivo especificado.
File name: 'Microsoft.Bcl.AsyncInterfaces, Version=1.0.0.0, Culture=neutral, PublicKeyToken=cc7b13ffcd2ddd51'
TpTrace Warning: 0 : 18764, 1, 2021/08/09, 13:51:29.913, 349226515379, vstest.console.dll, LoaderExceptions: System.IO.FileNotFoundException: Could not load file or assembly 'Microsoft.Bcl.AsyncInterfaces, Version=1.0.0.0, Culture=neutral, PublicKeyToken=cc7b13ffcd2ddd51'. O sistema não pode encontrar o arquivo especificado.
File name: 'Microsoft.Bcl.AsyncInterfaces, Version=1.0.0.0, Culture=neutral, PublicKeyToken=cc7b13ffcd2ddd51'
TpTrace Information: 0 : 18764, 1, 2021/08/09, 13:51:29.914, 349226517093, vstest.console.dll, AssemblyResolver.OnResolve: Microsoft.TestPlatform.Extensions.BlameDataCollector: Resolving assembly.
TpTrace Information: 0 : 18764, 1, 2021/08/09, 13:51:29.914, 349226517691, vstest.console.dll, AssemblyResolver.OnResolve: Microsoft.TestPlatform.Extensions.BlameDataCollector: Searching in: 'C:\Program Files\dotnet\sdk\5.0.300\Extensions'.
TpTrace Information: 0 : 18764, 1, 2021/08/09, 13:51:29.914, 349226522890, vstest.console.dll, AssemblyResolver.OnResolve: Microsoft.TestPlatform.Extensions.BlameDataCollector: Loading assembly 'C:\Program Files\dotnet\sdk\5.0.300\Extensions\Microsoft.TestPlatform.Extensions.BlameDataCollector.dll'.
TpTrace Information: 0 : 18764, 1, 2021/08/09, 13:51:29.917, 349226549788, vstest.console.dll, AssemblyResolver.OnResolve: Resolved assembly: Microsoft.TestPlatform.Extensions.BlameDataCollector, from path: C:\Program Files\dotnet\sdk\5.0.300\Extensions\Microsoft.TestPlatform.Extensions.BlameDataCollector.dll
TpTrace Information: 0 : 18764, 1, 2021/08/09, 13:51:29.918, 349226557675, vstest.console.dll, AssemblyResolver.OnResolve: Microsoft.TestPlatform.Extensions.EventLogCollector: Resolving assembly.
TpTrace Information: 0 : 18764, 1, 2021/08/09, 13:51:29.918, 349226558501, vstest.console.dll, AssemblyResolver.OnResolve: Microsoft.TestPlatform.Extensions.EventLogCollector: Searching in: 'C:\Program Files\dotnet\sdk\5.0.300\Extensions'.
TpTrace Information: 0 : 18764, 1, 2021/08/09, 13:51:29.918, 349226561719, vstest.console.dll, AssemblyResolver.OnResolve: Microsoft.TestPlatform.Extensions.EventLogCollector: Loading assembly 'C:\Program Files\dotnet\sdk\5.0.300\Extensions\Microsoft.TestPlatform.Extensions.EventLogCollector.dll'.
TpTrace Information: 0 : 18764, 1, 2021/08/09, 13:51:29.920, 349226585491, vstest.console.dll, AssemblyResolver.OnResolve: Resolved assembly: Microsoft.TestPlatform.Extensions.EventLogCollector, from path: C:\Program Files\dotnet\sdk\5.0.300\Extensions\Microsoft.TestPlatform.Extensions.EventLogCollector.dll
TpTrace Information: 0 : 18764, 1, 2021/08/09, 13:51:29.926, 349226642515, vstest.console.dll, AssemblyResolver.OnResolve: Microsoft.TestPlatform.TestHostRuntimeProvider: Resolving assembly.
TpTrace Information: 0 : 18764, 1, 2021/08/09, 13:51:29.926, 349226644175, vstest.console.dll, AssemblyResolver.OnResolve: Microsoft.TestPlatform.TestHostRuntimeProvider: Searching in: 'C:\Program Files\dotnet\sdk\5.0.300\Extensions'.
TpTrace Information: 0 : 18764, 1, 2021/08/09, 13:51:29.927, 349226647465, vstest.console.dll, AssemblyResolver.OnResolve: Microsoft.TestPlatform.TestHostRuntimeProvider: Loading assembly 'C:\Program Files\dotnet\sdk\5.0.300\Extensions\Microsoft.TestPlatform.TestHostRuntimeProvider.dll'.
TpTrace Information: 0 : 18764, 1, 2021/08/09, 13:51:29.929, 349226674816, vstest.console.dll, AssemblyResolver.OnResolve: Resolved assembly: Microsoft.TestPlatform.TestHostRuntimeProvider, from path: C:\Program Files\dotnet\sdk\5.0.300\Extensions\Microsoft.TestPlatform.TestHostRuntimeProvider.dll
TpTrace Information: 0 : 18764, 1, 2021/08/09, 13:51:29.931, 349226692980, vstest.console.dll, AssemblyResolver.OnResolve: Microsoft.VisualStudio.TestPlatform.Extensions.Html.TestLogger: Resolving assembly.
TpTrace Information: 0 : 18764, 1, 2021/08/09, 13:51:29.931, 349226694486, vstest.console.dll, AssemblyResolver.OnResolve: Microsoft.VisualStudio.TestPlatform.Extensions.Html.TestLogger: Searching in: 'C:\Program Files\dotnet\sdk\5.0.300\Extensions'.
TpTrace Information: 0 : 18764, 1, 2021/08/09, 13:51:29.932, 349226699419, vstest.console.dll, AssemblyResolver.OnResolve: Microsoft.VisualStudio.TestPlatform.Extensions.Html.TestLogger: Loading assembly 'C:\Program Files\dotnet\sdk\5.0.300\Extensions\Microsoft.VisualStudio.TestPlatform.Extensions.Html.TestLogger.dll'.
TpTrace Information: 0 : 18764, 1, 2021/08/09, 13:51:29.934, 349226725686, vstest.console.dll, AssemblyResolver.OnResolve: Resolved assembly: Microsoft.VisualStudio.TestPlatform.Extensions.Html.TestLogger, from path: C:\Program Files\dotnet\sdk\5.0.300\Extensions\Microsoft.VisualStudio.TestPlatform.Extensions.Html.TestLogger.dll
TpTrace Information: 0 : 18764, 1, 2021/08/09, 13:51:29.935, 349226732001, vstest.console.dll, AssemblyResolver.OnResolve: Microsoft.VisualStudio.TestPlatform.Extensions.Trx.TestLogger: Resolving assembly.
TpTrace Information: 0 : 18764, 1, 2021/08/09, 13:51:29.935, 349226733216, vstest.console.dll, AssemblyResolver.OnResolve: Microsoft.VisualStudio.TestPlatform.Extensions.Trx.TestLogger: Searching in: 'C:\Program Files\dotnet\sdk\5.0.300\Extensions'.
TpTrace Information: 0 : 18764, 1, 2021/08/09, 13:51:29.936, 349226738050, vstest.console.dll, AssemblyResolver.OnResolve: Microsoft.VisualStudio.TestPlatform.Extensions.Trx.TestLogger: Loading assembly 'C:\Program Files\dotnet\sdk\5.0.300\Extensions\Microsoft.VisualStudio.TestPlatform.Extensions.Trx.TestLogger.dll'.
TpTrace Information: 0 : 18764, 1, 2021/08/09, 13:51:29.939, 349226770082, vstest.console.dll, AssemblyResolver.OnResolve: Resolved assembly: Microsoft.VisualStudio.TestPlatform.Extensions.Trx.TestLogger, from path: C:\Program Files\dotnet\sdk\5.0.300\Extensions\Microsoft.VisualStudio.TestPlatform.Extensions.Trx.TestLogger.dll
TpTrace Verbose: 0 : 18764, 1, 2021/08/09, 13:51:29.940, 349226777746, vstest.console.dll, TestPluginCache: Discovered the extensions using extension path ''.
TpTrace Verbose: 0 : 18764, 1, 2021/08/09, 13:51:29.940, 349226778749, vstest.console.dll, TestPluginCache: Discoverers are ''.
TpTrace Verbose: 0 : 18764, 1, 2021/08/09, 13:51:29.940, 349226779162, vstest.console.dll, TestPluginCache: Executors are ''.
TpTrace Verbose: 0 : 18764, 1, 2021/08/09, 13:51:29.940, 349226779496, vstest.console.dll, TestPluginCache: Executors2 are ''.
TpTrace Verbose: 0 : 18764, 1, 2021/08/09, 13:51:29.940, 349226779819, vstest.console.dll, TestPluginCache: Setting providers are ''.
TpTrace Verbose: 0 : 18764, 1, 2021/08/09, 13:51:29.940, 349226780234, vstest.console.dll, TestPluginCache: Loggers are ''.
TpTrace Information: 0 : 18764, 1, 2021/08/09, 13:51:29.949, 349226866945, vstest.console.dll, RunTestsArgumentProcessor:Execute: Test run is starting.
TpTrace Verbose: 0 : 18764, 1, 2021/08/09, 13:51:29.949, 349226868974, vstest.console.dll, RunTestsArgumentProcessor:Execute: Queuing Test run.
TpTrace Information: 0 : 18764, 1, 2021/08/09, 13:51:29.949, 349226872574, vstest.console.dll, TestRequestManager.RunTests: run tests started.
TpTrace Information: 0 : 18764, 1, 2021/08/09, 13:51:29.954, 349226925938, vstest.console.dll, AssemblyMetadataProvider.GetFrameWork: Determined framework:'.NETCoreApp,Version=v3.1' for source: 'C:\Users\seerg\source\repos\DesafioSoftplan\DesfafioSoftPlan.Tests\bin\Debug\netcoreapp3.1\fine-code-coverage\build-output\DesfafioSoftPlan.Tests.dll'
TpTrace Information: 0 : 18764, 1, 2021/08/09, 13:51:29.955, 349226929119, vstest.console.dll, Determined framework for all sources: .NETCoreApp,Version=v3.1
TpTrace Information: 0 : 18764, 1, 2021/08/09, 13:51:29.956, 349226936524, vstest.console.dll, AssemblyMetadataProvider.GetArchitecture: Determined architecture:X64 info for assembly: C:\Users\seerg\source\repos\DesafioSoftplan\DesfafioSoftPlan.Tests\bin\Debug\netcoreapp3.1\fine-code-coverage\build-output\DesfafioSoftPlan.Tests.dll
TpTrace Information: 0 : 18764, 1, 2021/08/09, 13:51:29.958, 349226963791, vstest.console.dll, Determined platform for all sources: X64
TpTrace Information: 0 : 18764, 1, 2021/08/09, 13:51:29.962, 349226999827, vstest.console.dll, Compatible sources list : 
TpTrace Information: 0 : 18764, 1, 2021/08/09, 13:51:29.962, 349227001547, vstest.console.dll, C:\Users\seerg\source\repos\DesafioSoftplan\DesfafioSoftPlan.Tests\bin\Debug\netcoreapp3.1\fine-code-coverage\build-output\DesfafioSoftPlan.Tests.dll
TpTrace Information: 0 : 18764, 1, 2021/08/09, 13:51:29.965, 349227027731, vstest.console.dll, InferRunSettingsHelper.IsTestSettingsEnabled: Unable to navigate to RunSettings/MSTest. Current node: RunSettings
TpTrace Information: 0 : 18764, 1, 2021/08/09, 13:51:29.966, 349227036750, vstest.console.dll, AssemblyResolver.OnResolve: Microsoft.VisualStudio.TestPlatform.Fakes: Resolving assembly.
TpTrace Information: 0 : 18764, 1, 2021/08/09, 13:51:29.966, 349227037810, vstest.console.dll, AssemblyResolver.OnResolve: Microsoft.VisualStudio.TestPlatform.Fakes: Searching in: 'C:\Program Files\dotnet\sdk\5.0.300\Extensions'.
TpTrace Information: 0 : 18764, 1, 2021/08/09, 13:51:29.966, 349227039471, vstest.console.dll, AssemblyResolver.OnResolve: Microsoft.VisualStudio.TestPlatform.Fakes: Assembly path does not exist: 'C:\Program Files\dotnet\sdk\5.0.300\Extensions\Microsoft.VisualStudio.TestPlatform.Fakes.dll', returning.
TpTrace Information: 0 : 18764, 1, 2021/08/09, 13:51:29.966, 349227040902, vstest.console.dll, AssemblyResolver.OnResolve: Microsoft.VisualStudio.TestPlatform.Fakes: Assembly path does not exist: 'C:\Program Files\dotnet\sdk\5.0.300\Extensions\Microsoft.VisualStudio.TestPlatform.Fakes.exe', returning.
TpTrace Information: 0 : 18764, 1, 2021/08/09, 13:51:29.966, 349227042016, vstest.console.dll, AssemblyResolver.OnResolve: Microsoft.VisualStudio.TestPlatform.Fakes: Searching in: 'C:\Program Files\dotnet\sdk\5.0.300'.
TpTrace Information: 0 : 18764, 1, 2021/08/09, 13:51:29.966, 349227043192, vstest.console.dll, AssemblyResolver.OnResolve: Microsoft.VisualStudio.TestPlatform.Fakes: Assembly path does not exist: 'C:\Program Files\dotnet\sdk\5.0.300\Microsoft.VisualStudio.TestPlatform.Fakes.dll', returning.
TpTrace Information: 0 : 18764, 1, 2021/08/09, 13:51:29.966, 349227044150, vstest.console.dll, AssemblyResolver.OnResolve: Microsoft.VisualStudio.TestPlatform.Fakes: Assembly path does not exist: 'C:\Program Files\dotnet\sdk\5.0.300\Microsoft.VisualStudio.TestPlatform.Fakes.exe', returning.
TpTrace Information: 0 : 18764, 1, 2021/08/09, 13:51:29.966, 349227044663, vstest.console.dll, AssemblyResolver.OnResolve: Microsoft.VisualStudio.TestPlatform.Fakes: Failed to load assembly.
TpTrace Information: 0 : 18764, 1, 2021/08/09, 13:51:29.967, 349227048890, vstest.console.dll, Failed to create newly implemented Fakes Configurator. Reason:System.IO.FileNotFoundException: Could not load file or assembly 'Microsoft.VisualStudio.TestPlatform.Fakes, Version=16.0.0.0, Culture=neutral, PublicKeyToken=null'. O sistema não pode encontrar o arquivo especificado.
File name: 'Microsoft.VisualStudio.TestPlatform.Fakes, Version=16.0.0.0, Culture=neutral, PublicKeyToken=null'
   at System.Reflection.RuntimeAssembly.InternalLoad(ObjectHandleOnStack assemblyName, ObjectHandleOnStack requestingAssembly, StackCrawlMarkHandle stackMark, Boolean throwOnFileNotFound, ObjectHandleOnStack assemblyLoadContext, ObjectHandleOnStack retAssembly)
   at System.Reflection.RuntimeAssembly.InternalLoad(AssemblyName assemblyName, RuntimeAssembly requestingAssembly, StackCrawlMark& stackMark, Boolean throwOnFileNotFound, AssemblyLoadContext assemblyLoadContext)
   at System.Reflection.Assembly.Load(AssemblyName assemblyRef)
   at Microsoft.VisualStudio.TestPlatform.Common.Utilities.FakesUtilities.TryGetFakesCrossPlatformDataCollectorConfigurator() 
TpTrace Verbose: 0 : 18764, 1, 2021/08/09, 13:51:29.971, 349227094058, vstest.console.dll, TestPluginCache.DiscoverTestExtensions: finding test extensions in assemblies ends with: TestLogger.dll TPluginInfo: Microsoft.VisualStudio.TestPlatform.Common.ExtensionFramework.Utilities.TestLoggerPluginInformation TExtension: Microsoft.VisualStudio.TestPlatform.ObjectModel.Client.ITestLogger
TpTrace Verbose: 0 : 18764, 1, 2021/08/09, 13:51:29.971, 349227095521, vstest.console.dll, TestPluginCache.GetExtensionPaths: Filtered extension paths: 
TpTrace Verbose: 0 : 18764, 1, 2021/08/09, 13:51:29.971, 349227096038, vstest.console.dll, TestPluginCache.GetExtensionPaths: Added default extension paths: C:\Program Files\dotnet\sdk\5.0.300\Extensions\Microsoft.Diagnostics.NETCore.Client.dll
C:\Program Files\dotnet\sdk\5.0.300\Extensions\Microsoft.TestPlatform.Extensions.BlameDataCollector.dll
C:\Program Files\dotnet\sdk\5.0.300\Extensions\Microsoft.TestPlatform.Extensions.EventLogCollector.dll
C:\Program Files\dotnet\sdk\5.0.300\Extensions\Microsoft.TestPlatform.TestHostRuntimeProvider.dll
C:\Program Files\dotnet\sdk\5.0.300\Extensions\Microsoft.VisualStudio.TestPlatform.Extensions.Html.TestLogger.dll
C:\Program Files\dotnet\sdk\5.0.300\Extensions\Microsoft.VisualStudio.TestPlatform.Extensions.Trx.TestLogger.dll
TpTrace Verbose: 0 : 18764, 1, 2021/08/09, 13:51:29.972, 349227096550, vstest.console.dll, TestPluginCache.GetExtensionPaths: Added unfilterableExtensionPaths: 
TpTrace Information: 0 : 18764, 1, 2021/08/09, 13:51:29.972, 349227099048, vstest.console.dll, AssemblyResolver.AddSearchDirectories: Adding more searchDirectories C:\Program Files\dotnet\sdk\5.0.300\Extensions,C:\Program Files\dotnet\sdk\5.0.300
TpTrace Verbose: 0 : 18764, 1, 2021/08/09, 13:51:29.972, 349227099762, vstest.console.dll, TestPluginCache.DiscoverTestExtensions: Discovering the extensions using extension path.
TpTrace Verbose: 0 : 18764, 1, 2021/08/09, 13:51:29.972, 349227100984, vstest.console.dll, TestPluginCache.GetExtensionPaths: Filtered extension paths: 
TpTrace Verbose: 0 : 18764, 1, 2021/08/09, 13:51:29.972, 349227101608, vstest.console.dll, TestPluginCache.GetExtensionPaths: Added default extension paths: C:\Program Files\dotnet\sdk\5.0.300\Extensions\Microsoft.Diagnostics.NETCore.Client.dll
C:\Program Files\dotnet\sdk\5.0.300\Extensions\Microsoft.TestPlatform.Extensions.BlameDataCollector.dll
C:\Program Files\dotnet\sdk\5.0.300\Extensions\Microsoft.TestPlatform.Extensions.EventLogCollector.dll
C:\Program Files\dotnet\sdk\5.0.300\Extensions\Microsoft.TestPlatform.TestHostRuntimeProvider.dll
C:\Program Files\dotnet\sdk\5.0.300\Extensions\Microsoft.VisualStudio.TestPlatform.Extensions.Html.TestLogger.dll
C:\Program Files\dotnet\sdk\5.0.300\Extensions\Microsoft.VisualStudio.TestPlatform.Extensions.Trx.TestLogger.dll
TpTrace Verbose: 0 : 18764, 1, 2021/08/09, 13:51:29.972, 349227102033, vstest.console.dll, TestPluginCache.GetExtensionPaths: Added unfilterableExtensionPaths: 
TpTrace Verbose: 0 : 18764, 1, 2021/08/09, 13:51:29.972, 349227102497, vstest.console.dll, TestPluginCache.DiscoverTestExtensions: Discovering the extensions using allExtensionPaths: C:\Program Files\dotnet\sdk\5.0.300\Extensions\Microsoft.Diagnostics.NETCore.Client.dll
C:\Program Files\dotnet\sdk\5.0.300\Extensions\Microsoft.TestPlatform.Extensions.BlameDataCollector.dll
C:\Program Files\dotnet\sdk\5.0.300\Extensions\Microsoft.TestPlatform.Extensions.EventLogCollector.dll
C:\Program Files\dotnet\sdk\5.0.300\Extensions\Microsoft.TestPlatform.TestHostRuntimeProvider.dll
C:\Program Files\dotnet\sdk\5.0.300\Extensions\Microsoft.VisualStudio.TestPlatform.Extensions.Html.TestLogger.dll
C:\Program Files\dotnet\sdk\5.0.300\Extensions\Microsoft.VisualStudio.TestPlatform.Extensions.Trx.TestLogger.dll
TpTrace Information: 0 : 18764, 1, 2021/08/09, 13:51:29.972, 349227103174, vstest.console.dll, AssemblyResolver.AddSearchDirectories: Adding more searchDirectories C:\Program Files\dotnet\sdk\5.0.300\Extensions,C:\Program Files\dotnet\sdk\5.0.300
TpTrace Information: 0 : 18764, 1, 2021/08/09, 13:51:29.972, 349227103644, vstest.console.dll, AssemblyResolver.AddSearchDirectories: Adding more searchDirectories C:\Program Files\dotnet\sdk\5.0.300\Extensions,C:\Program Files\dotnet\sdk\5.0.300
TpTrace Information: 0 : 18764, 1, 2021/08/09, 13:51:29.972, 349227104038, vstest.console.dll, AssemblyResolver.AddSearchDirectories: Adding more searchDirectories C:\Program Files\dotnet\sdk\5.0.300\Extensions,C:\Program Files\dotnet\sdk\5.0.300
TpTrace Information: 0 : 18764, 1, 2021/08/09, 13:51:29.972, 349227104410, vstest.console.dll, AssemblyResolver.AddSearchDirectories: Adding more searchDirectories C:\Program Files\dotnet\sdk\5.0.300\Extensions,C:\Program Files\dotnet\sdk\5.0.300
TpTrace Information: 0 : 18764, 1, 2021/08/09, 13:51:29.972, 349227104849, vstest.console.dll, AssemblyResolver.AddSearchDirectories: Adding more searchDirectories C:\Program Files\dotnet\sdk\5.0.300\Extensions,C:\Program Files\dotnet\sdk\5.0.300
TpTrace Information: 0 : 18764, 1, 2021/08/09, 13:51:29.972, 349227105227, vstest.console.dll, AssemblyResolver.AddSearchDirectories: Adding more searchDirectories C:\Program Files\dotnet\sdk\5.0.300\Extensions,C:\Program Files\dotnet\sdk\5.0.300
TpTrace Information: 0 : 18764, 1, 2021/08/09, 13:51:29.973, 349227108249, vstest.console.dll, AssemblyResolver.OnResolve: Microsoft.Bcl.AsyncInterfaces: Resolving assembly.
TpTrace Information: 0 : 18764, 1, 2021/08/09, 13:51:29.973, 349227109008, vstest.console.dll, AssemblyResolver.OnResolve: Microsoft.Bcl.AsyncInterfaces: Resolved from cache.
TpTrace Verbose: 0 : 18764, 1, 2021/08/09, 13:51:29.973, 349227109467, vstest.console.dll, CurrentDomainAssemblyResolve: Resolving assembly 'Microsoft.Bcl.AsyncInterfaces'.
TpTrace Information: 0 : 18764, 1, 2021/08/09, 13:51:29.973, 349227110131, vstest.console.dll, AssemblyResolver.OnResolve: Microsoft.Bcl.AsyncInterfaces: Resolving assembly.
TpTrace Information: 0 : 18764, 1, 2021/08/09, 13:51:29.973, 349227110583, vstest.console.dll, AssemblyResolver.OnResolve: Microsoft.Bcl.AsyncInterfaces: Resolved from cache.
TpTrace Verbose: 0 : 18764, 1, 2021/08/09, 13:51:29.973, 349227111005, vstest.console.dll, CurrentDomainAssemblyResolve: Resolving assembly 'Microsoft.Bcl.AsyncInterfaces'.
TpTrace Verbose: 0 : 18764, 1, 2021/08/09, 13:51:29.973, 349227111352, vstest.console.dll, CurrentDomainAssemblyResolve: Failed to resolve assembly 'Microsoft.Bcl.AsyncInterfaces'.
TpTrace Verbose: 0 : 18764, 1, 2021/08/09, 13:51:29.973, 349227113208, vstest.console.dll, CurrentDomainAssemblyResolve: Failed to resolve assembly 'Microsoft.Bcl.AsyncInterfaces'.
TpTrace Warning: 0 : 18764, 1, 2021/08/09, 13:51:29.974, 349227116377, vstest.console.dll, TestPluginDiscoverer: Failed to get types from assembly 'Microsoft.Diagnostics.NETCore.Client, Version=0.2.2.41902, Culture=neutral, PublicKeyToken=31bf3856ad364e35'.  Skipping test extension scan for this assembly.  Error: System.Reflection.ReflectionTypeLoadException: Unable to load one or more of the requested types.
Could not load file or assembly 'Microsoft.Bcl.AsyncInterfaces, Version=1.0.0.0, Culture=neutral, PublicKeyToken=cc7b13ffcd2ddd51'. O sistema não pode encontrar o arquivo especificado.
   at System.Reflection.RuntimeModule.GetTypes(RuntimeModule module)
   at System.Reflection.RuntimeModule.GetTypes()
   at System.Reflection.Assembly.GetTypes()
   at Microsoft.VisualStudio.TestPlatform.Common.ExtensionFramework.TestPluginDiscoverer.GetTestExtensionsFromAssembly[TPluginInfo,TExtension](Assembly assembly, Dictionary`2 pluginInfos)
System.IO.FileNotFoundException: Could not load file or assembly 'Microsoft.Bcl.AsyncInterfaces, Version=1.0.0.0, Culture=neutral, PublicKeyToken=cc7b13ffcd2ddd51'. O sistema não pode encontrar o arquivo especificado.
File name: 'Microsoft.Bcl.AsyncInterfaces, Version=1.0.0.0, Culture=neutral, PublicKeyToken=cc7b13ffcd2ddd51'
TpTrace Warning: 0 : 18764, 1, 2021/08/09, 13:51:29.974, 349227117113, vstest.console.dll, LoaderExceptions: System.IO.FileNotFoundException: Could not load file or assembly 'Microsoft.Bcl.AsyncInterfaces, Version=1.0.0.0, Culture=neutral, PublicKeyToken=cc7b13ffcd2ddd51'. O sistema não pode encontrar o arquivo especificado.
File name: 'Microsoft.Bcl.AsyncInterfaces, Version=1.0.0.0, Culture=neutral, PublicKeyToken=cc7b13ffcd2ddd51'
TpTrace Verbose: 0 : 18764, 1, 2021/08/09, 13:51:29.974, 349227121444, vstest.console.dll, TestPluginCache: Discovered the extensions using extension path ''.
TpTrace Verbose: 0 : 18764, 1, 2021/08/09, 13:51:29.974, 349227122069, vstest.console.dll, TestPluginCache: Discoverers are ''.
TpTrace Verbose: 0 : 18764, 1, 2021/08/09, 13:51:29.974, 349227122440, vstest.console.dll, TestPluginCache: Executors are ''.
TpTrace Verbose: 0 : 18764, 1, 2021/08/09, 13:51:29.974, 349227122840, vstest.console.dll, TestPluginCache: Executors2 are ''.
TpTrace Verbose: 0 : 18764, 1, 2021/08/09, 13:51:29.974, 349227123210, vstest.console.dll, TestPluginCache: Setting providers are ''.
TpTrace Verbose: 0 : 18764, 1, 2021/08/09, 13:51:29.974, 349227124022, vstest.console.dll, TestPluginCache: Loggers are 'logger://Microsoft/TestPlatform/Extensions/Blame/v1,logger://Microsoft/TestPlatform/HtmlLogger/v1,logger://Microsoft/TestPlatform/TrxLogger/v1'.
TpTrace Information: 0 : 18764, 1, 2021/08/09, 13:51:29.975, 349227131309, vstest.console.dll, TestPluginManager.CreateTestExtension: Attempting to load test extension: Microsoft.TestPlatform.Extensions.BlameDataCollector.BlameLogger
TpTrace Information: 0 : 18764, 1, 2021/08/09, 13:51:29.988, 349227261350, vstest.console.dll, TestPluginManager.CreateTestExtension: Attempting to load test extension: Microsoft.VisualStudio.TestPlatform.CrossPlatEngine.Hosting.DefaultTestHostManager
TpTrace Information: 0 : 18764, 1, 2021/08/09, 13:51:29.988, 349227265467, vstest.console.dll, TestPluginManager.CreateTestExtension: Attempting to load test extension: Microsoft.VisualStudio.TestPlatform.CrossPlatEngine.Hosting.DotnetTestHostManager
TpTrace Verbose: 0 : 18764, 1, 2021/08/09, 13:51:29.989, 349227271703, vstest.console.dll, TestEngine: Initializing Parallel Execution as MaxCpuCount is set to: 1
TpTrace Information: 0 : 18764, 1, 2021/08/09, 13:51:29.990, 349227277510, vstest.console.dll, InferRunSettingsHelper.IsTestSettingsEnabled: Unable to navigate to RunSettings/MSTest. Current node: RunSettings
TpTrace Verbose: 0 : 18764, 1, 2021/08/09, 13:51:30.016, 349227538268, vstest.console.dll, TestRequestSender is acting as server
TpTrace Verbose: 0 : 18764, 4, 2021/08/09, 13:51:30.020, 349227584841, vstest.console.dll, DataCollectionRequestSender.InitializeCommunication : Initialize communication. 
TpTrace Information: 0 : 18764, 4, 2021/08/09, 13:51:30.043, 349227806712, vstest.console.dll, Listening on Endpoint : 127.0.0.1:60706
TpTrace Verbose: 0 : 18764, 4, 2021/08/09, 13:51:30.058, 349227962162, vstest.console.dll, DotnetDataCollectionLauncher: Full path of dotnet.exe is C:\Program Files\dotnet\dotnet.exe
TpTrace Verbose: 0 : 18764, 4, 2021/08/09, 13:51:30.058, 349227965292, vstest.console.dll, DotnetDataCollectionLauncher: Adding  --runtimeconfig "C:\Program Files\dotnet\sdk\5.0.300\datacollector.runtimeconfig.json" in args
TpTrace Verbose: 0 : 18764, 4, 2021/08/09, 13:51:30.059, 349227966765, vstest.console.dll, DotnetDataCollectionLauncher: Adding  --depsfile "C:\Program Files\dotnet\sdk\5.0.300\datacollector.deps.json" in args
TpTrace Information: 0 : 18764, 4, 2021/08/09, 13:51:30.070, 349228086217, vstest.console.dll, ProxyDataCollectionManager.Initialize: Launched datacollector processId: 18112 port: 60706
TpTrace Information: 0 : 18764, 4, 2021/08/09, 13:51:30.071, 349228088108, vstest.console.dll, ProxyDataCollectionManager.Initialize: waiting for connection with timeout: 90 seconds
TpTrace Verbose: 0 : 18764, 4, 2021/08/09, 13:51:30.071, 349228089277, vstest.console.dll, DataCollectionRequestSender.WaitForRequestHandlerConnection : Waiting for connection with timeout: 90000
TpTrace Information: 0 : 18764, 7, 2021/08/09, 13:51:30.354, 349230921892, vstest.console.dll, Using the buffer size of 16384 bytes
TpTrace Verbose: 0 : 18764, 4, 2021/08/09, 13:51:30.354, 349230922753, vstest.console.dll, ProxyDataCollectionManager.InvokeDataCollectionServiceAction: Starting.
TpTrace Information: 0 : 18764, 7, 2021/08/09, 13:51:30.354, 349230923905, vstest.console.dll, Accepted Client request and set the flag
TpTrace Information: 0 : 18764, 4, 2021/08/09, 13:51:30.354, 349230925976, vstest.console.dll, ProxyDataCollectionManager.BeforeTestRunStart: Get environment variable and port for datacollector processId: 18112 port: 60706
TpTrace Verbose: 0 : 18764, 4, 2021/08/09, 13:51:30.355, 349230928178, vstest.console.dll, DataCollectionRequestSender.SendBeforeTestRunStartAndGetResult : Send BeforeTestRunStart message with settingsXml <RunSettings><RunConfiguration><ResultsDirectory>C:\Users\seerg\source\repos\DesafioSoftplan\DesfafioSoftPlan.Tests\bin\Debug\netcoreapp3.1\fine-code-coverage\coverage-tool-output</ResultsDirectory><TargetPlatform>X64</TargetPlatform><TargetFrameworkVersion>.NETCoreApp,Version=v3.1</TargetFrameworkVersion><DesignMode>False</DesignMode><CollectSourceInformation>False</CollectSourceInformation><TestAdaptersPaths>C:\Program Files\dotnet\sdk\5.0.300\Extensions</TestAdaptersPaths></RunConfiguration><LoggerRunSettings><Loggers><Logger friendlyName="blame" enabled="True" /><Logger friendlyName="Console" uri="logger://microsoft/TestPlatform/ConsoleLogger/v1" assemblyQualifiedName="Microsoft.VisualStudio.TestPlatform.CommandLine.Internal.ConsoleLogger, vstest.console, Version=15.0.0.0, Culture=neutral, PublicKeyToken=b03f5f7f11d50a3a" codeBase="C:\Program Files\dotnet\sdk\5.0.300\vstest.console.dll" enabled="True" /></Loggers></LoggerRunSettings><DataCollectionRunSettings><DataCollectors><DataCollector friendlyName="blame" enabled="True"><Configuration><ResultsDirectory>C:\Users\seerg\source\repos\DesafioSoftplan\DesfafioSoftPlan.Tests\bin\Debug\netcoreapp3.1\fine-code-coverage\coverage-tool-output</ResultsDirectory></Configuration></DataCollector></DataCollectors></DataCollectionRunSettings></RunSettings> and sources System.Linq.Enumerable+Concat2Iterator`1[System.String]: 
TpTrace Verbose: 0 : 18764, 4, 2021/08/09, 13:51:30.512, 349232505790, vstest.console.dll, DataCollectionRequestSender.SendBeforeTestRunStartAndGetResult : Received message: (DataCollection.SendMessage) -> {
  "FriendlyName": null,
  "Uri": null,
  "TestCaseId": "00000000-0000-0000-0000-000000000000",
  "Message": "Logging DataCollector Diagnostics in file: C:\\Users\\seerg\\source\\repos\\DesafioSoftplan\\DesfafioSoftPlan.Tests\\bin\\Debug\\netcoreapp3.1\\fine-code-coverage\\coverage-tool-output\\diagnostics.datacollector.21-08-09_13-51-30_05321_4.log",
  "Level": 0
}
TpTrace Verbose: 0 : 18764, 4, 2021/08/09, 13:51:30.633, 349233712360, vstest.console.dll, DataCollectionRequestSender.SendBeforeTestRunStartAndGetResult : Received message: (DataCollection.BeforeTestRunStartResult) -> {
  "EnvironmentVariables": {},
  "DataCollectionEventsPort": 60708
}
TpTrace Information: 0 : 18764, 4, 2021/08/09, 13:51:30.639, 349233766748, vstest.console.dll, ProxyDataCollectionManager.BeforeTestRunStart: SendBeforeTestRunStartAndGetResult successful, env variable from datacollector:   and testhost port: 60708
TpTrace Information: 0 : 18764, 4, 2021/08/09, 13:51:30.639, 349233768674, vstest.console.dll, ProxyDataCollectionManager.InvokeDataCollectionServiceAction: Completed.
TpTrace Verbose: 0 : 18764, 1, 2021/08/09, 13:51:30.639, 349233771138, vstest.console.dll, TestRunRequest.ExecuteAsync: Creating test run request.
TpTrace Verbose: 0 : 18764, 1, 2021/08/09, 13:51:30.639, 349233775033, vstest.console.dll, TestRunRequest.ExecuteAsync: Starting.
TpTrace Information: 0 : 18764, 1, 2021/08/09, 13:51:30.640, 349233778592, vstest.console.dll, TestRunRequest.ExecuteAsync: Starting run with settings:TestRunCriteria:
   KeepAlive=False,FrequencyOfRunStatsChangeEvent=10,RunStatsChangeEventTimeout=00:00:01.5000000,TestCaseFilter=,TestExecutorLauncher=
   Settingsxml=<RunSettings>
  <RunConfiguration>
    <ResultsDirectory>C:\Users\seerg\source\repos\DesafioSoftplan\DesfafioSoftPlan.Tests\bin\Debug\netcoreapp3.1\fine-code-coverage\coverage-tool-output</ResultsDirectory>
    <TargetPlatform>X64</TargetPlatform>
    <TargetFrameworkVersion>.NETCoreApp,Version=v3.1</TargetFrameworkVersion>
    <DesignMode>False</DesignMode>
    <CollectSourceInformation>False</CollectSourceInformation>
  </RunConfiguration>
  <LoggerRunSettings>
    <Loggers>
      <Logger friendlyName="blame" enabled="True" />
      <Logger friendlyName="Console" uri="logger://microsoft/TestPlatform/ConsoleLogger/v1" assemblyQualifiedName="Microsoft.VisualStudio.TestPlatform.CommandLine.Internal.ConsoleLogger, vstest.console, Version=15.0.0.0, Culture=neutral, PublicKeyToken=b03f5f7f11d50a3a" codeBase="C:\Program Files\dotnet\sdk\5.0.300\vstest.console.dll" enabled="True" />
    </Loggers>
  </LoggerRunSettings>
  <DataCollectionRunSettings>
    <DataCollectors>
      <DataCollector friendlyName="blame" enabled="True">
        <Configuration>
          <ResultsDirectory>C:\Users\seerg\source\repos\DesafioSoftplan\DesfafioSoftPlan.Tests\bin\Debug\netcoreapp3.1\fine-code-coverage\coverage-tool-output</ResultsDirectory>
        </Configuration>
      </DataCollector>
    </DataCollectors>
  </DataCollectionRunSettings>
</RunSettings>

TpTrace Verbose: 0 : 18764, 1, 2021/08/09, 13:51:30.640, 349233779452, vstest.console.dll, TestRunRequest.ExecuteAsync: Wait for the first run request is over.
TpTrace Verbose: 0 : 18764, 1, 2021/08/09, 13:51:30.640, 349233784944, vstest.console.dll, ParallelProxyExecutionManager: Start execution. Total sources: 1
TpTrace Information: 0 : 18764, 1, 2021/08/09, 13:51:30.641, 349233792559, vstest.console.dll, ProxyParallelExecutionManager: Triggering test run for next source: C:\Users\seerg\source\repos\DesafioSoftplan\DesfafioSoftPlan.Tests\bin\Debug\netcoreapp3.1\fine-code-coverage\build-output\DesfafioSoftPlan.Tests.dll
TpTrace Verbose: 0 : 18764, 6, 2021/08/09, 13:51:30.641, 349233795159, vstest.console.dll, ParallelProxyExecutionManager: Execution started. Started clients: 1
TpTrace Verbose: 0 : 18764, 1, 2021/08/09, 13:51:30.641, 349233795500, vstest.console.dll, ProxyParallelExecutionManager: No sources available for execution.
TpTrace Information: 0 : 18764, 1, 2021/08/09, 13:51:30.642, 349233797048, vstest.console.dll, TestRunRequest.ExecuteAsync: Started.
TpTrace Verbose: 0 : 18764, 1, 2021/08/09, 13:51:30.642, 349233798077, vstest.console.dll, TestRunRequest.WaitForCompletion: Waiting with timeout -1.
TpTrace Verbose: 0 : 18764, 6, 2021/08/09, 13:51:30.642, 349233799444, vstest.console.dll, TestRunRequest:SendTestRunMessage: Starting.
TpTrace Information: 0 : 18764, 6, 2021/08/09, 13:51:30.642, 349233801228, vstest.console.dll, TestRunRequest:SendTestRunMessage: Completed.
TpTrace Verbose: 0 : 18764, 6, 2021/08/09, 13:51:30.642, 349233805040, vstest.console.dll, ProxyExecutionManager: Test host is always Lazy initialize.
TpTrace Verbose: 0 : 18764, 6, 2021/08/09, 13:51:30.643, 349233810234, vstest.console.dll, TestRequestSender.InitializeCommunication: initialize communication. 
TpTrace Information: 0 : 18764, 6, 2021/08/09, 13:51:30.644, 349233818429, vstest.console.dll, SocketServer.Start: Listening on endpoint : 127.0.0.1:60709
TpTrace Verbose: 0 : 18764, 6, 2021/08/09, 13:51:30.645, 349233829277, vstest.console.dll, DotnetTestHostmanager: Adding  --runtimeconfig "C:\Users\seerg\source\repos\DesafioSoftplan\DesfafioSoftPlan.Tests\bin\Debug\netcoreapp3.1\fine-code-coverage\build-output\DesfafioSoftPlan.Tests.runtimeconfig.json" in args
TpTrace Verbose: 0 : 18764, 6, 2021/08/09, 13:51:30.645, 349233831181, vstest.console.dll, DotnetTestHostmanager: Adding  --depsfile "C:\Users\seerg\source\repos\DesafioSoftplan\DesfafioSoftPlan.Tests\bin\Debug\netcoreapp3.1\fine-code-coverage\build-output\DesfafioSoftPlan.Tests.deps.json" in args
TpTrace Verbose: 0 : 18764, 6, 2021/08/09, 13:51:30.645, 349233834342, vstest.console.dll, DotnetTestHostManager: Testhost.exe/testhost.x86.exe found at path: C:\Users\seerg\source\repos\DesafioSoftplan\DesfafioSoftPlan.Tests\bin\Debug\netcoreapp3.1\fine-code-coverage\build-output\testhost.exe
TpTrace Verbose: 0 : 18764, 6, 2021/08/09, 13:51:30.645, 349233835101, vstest.console.dll, DotnetTestHostmanager: Full path of host exe is C:\Users\seerg\source\repos\DesafioSoftplan\DesfafioSoftPlan.Tests\bin\Debug\netcoreapp3.1\fine-code-coverage\build-output\testhost.exe
TpTrace Verbose: 0 : 18764, 4, 2021/08/09, 13:51:30.647, 349233847806, vstest.console.dll, DotnetTestHostManager: Starting process 'C:\Users\seerg\source\repos\DesafioSoftplan\DesfafioSoftPlan.Tests\bin\Debug\netcoreapp3.1\fine-code-coverage\build-output\testhost.exe' with command line ' --runtimeconfig "C:\Users\seerg\source\repos\DesafioSoftplan\DesfafioSoftPlan.Tests\bin\Debug\netcoreapp3.1\fine-code-coverage\build-output\DesfafioSoftPlan.Tests.runtimeconfig.json" --depsfile "C:\Users\seerg\source\repos\DesafioSoftplan\DesfafioSoftPlan.Tests\bin\Debug\netcoreapp3.1\fine-code-coverage\build-output\DesfafioSoftPlan.Tests.deps.json" --port 60709 --endpoint 127.0.0.1:060709 --role client --parentprocessid 18764 --diag "C:\Users\seerg\source\repos\DesafioSoftplan\DesfafioSoftPlan.Tests\bin\Debug\netcoreapp3.1\fine-code-coverage\coverage-tool-output\diagnostics.host.21-08-09_13-51-30_64475_6.log" --tracelevel 4 --datacollectionport 60708 --telemetryoptedin false'
TpTrace Verbose: 0 : 18764, 4, 2021/08/09, 13:51:30.656, 349233942446, vstest.console.dll, Test Runtime launched
TpTrace Verbose: 0 : 18764, 6, 2021/08/09, 13:51:30.657, 349233954833, vstest.console.dll, TestRequestSender.WaitForRequestHandlerConnection: waiting for connection with timeout: 90000
TpTrace Verbose: 0 : 18764, 4, 2021/08/09, 13:51:31.090, 349238277923, vstest.console.dll, SocketServer.OnClientConnected: Client connected for endPoint: 127.0.0.1:60709, starting MessageLoopAsync:
TpTrace Verbose: 0 : 18764, 4, 2021/08/09, 13:51:31.090, 349238283410, vstest.console.dll, TcpClientExtensions.MessageLoopAsync: Polling on remoteEndPoint: 127.0.0.1:60710 localEndPoint: 127.0.0.1:60709
TpTrace Verbose: 0 : 18764, 4, 2021/08/09, 13:51:31.438, 349241764074, vstest.console.dll, TcpClientExtensions.MessageLoopAsync: NotifyDataAvailable remoteEndPoint: 127.0.0.1:60710 localEndPoint: 127.0.0.1:60709
TpTrace Verbose: 0 : 18764, 4, 2021/08/09, 13:51:31.439, 349241768829, vstest.console.dll, TestRequestSender.CheckVersionWithTestHost: onMessageReceived received message: (ProtocolVersion) -> 5
TpTrace Verbose: 0 : 18764, 4, 2021/08/09, 13:51:31.440, 349241776965, vstest.console.dll, TcpClientExtensions.MessageLoopAsync: Polling on remoteEndPoint: 127.0.0.1:60710 localEndPoint: 127.0.0.1:60709
TpTrace Verbose: 0 : 18764, 6, 2021/08/09, 13:51:31.440, 349241778547, vstest.console.dll, TestPluginCache.GetExtensionPaths: Filtered extension paths: 
TpTrace Verbose: 0 : 18764, 6, 2021/08/09, 13:51:31.440, 349241779645, vstest.console.dll, TestPluginCache.GetExtensionPaths: Added default extension paths: C:\Program Files\dotnet\sdk\5.0.300\Extensions\Microsoft.Diagnostics.NETCore.Client.dll
C:\Program Files\dotnet\sdk\5.0.300\Extensions\Microsoft.TestPlatform.Extensions.BlameDataCollector.dll
C:\Program Files\dotnet\sdk\5.0.300\Extensions\Microsoft.TestPlatform.Extensions.EventLogCollector.dll
C:\Program Files\dotnet\sdk\5.0.300\Extensions\Microsoft.TestPlatform.TestHostRuntimeProvider.dll
C:\Program Files\dotnet\sdk\5.0.300\Extensions\Microsoft.VisualStudio.TestPlatform.Extensions.Html.TestLogger.dll
C:\Program Files\dotnet\sdk\5.0.300\Extensions\Microsoft.VisualStudio.TestPlatform.Extensions.Trx.TestLogger.dll
TpTrace Verbose: 0 : 18764, 6, 2021/08/09, 13:51:31.440, 349241781358, vstest.console.dll, TestPluginCache.GetExtensionPaths: Added unfilterableExtensionPaths: 
TpTrace Verbose: 0 : 18764, 6, 2021/08/09, 13:51:31.448, 349241864007, vstest.console.dll, TestRequestSender.InitializeExecution: Sending initializing execution with message: {"Version":5,"MessageType":"TestExecution.Initialize","Payload":["C:\\Users\\seerg\\source\\repos\\DesafioSoftplan\\DesfafioSoftPlan.Tests\\bin\\Debug\\netcoreapp3.1\\fine-code-coverage\\build-output\\Microsoft.VisualStudio.TestPlatform.MSTest.TestAdapter.dll"]}
TpTrace Verbose: 0 : 18764, 4, 2021/08/09, 13:51:31.465, 349242030754, vstest.console.dll, TcpClientExtensions.MessageLoopAsync: NotifyDataAvailable remoteEndPoint: 127.0.0.1:60710 localEndPoint: 127.0.0.1:60709
TpTrace Verbose: 0 : 18764, 4, 2021/08/09, 13:51:31.465, 349242033557, vstest.console.dll, TestRequestSender.OnExecutionMessageReceived: Received message: {"Version":5,"MessageType":"TestSession.Message","Payload":{"MessageLevel":0,"Message":"Logging TestHost Diagnostics in file: C:\\Users\\seerg\\source\\repos\\DesafioSoftplan\\DesfafioSoftPlan.Tests\\bin\\Debug\\netcoreapp3.1\\fine-code-coverage\\coverage-tool-output\\diagnostics.host.21-08-09_13-51-30_64475_6.log"}}
TpTrace Verbose: 0 : 18764, 6, 2021/08/09, 13:51:31.466, 349242043544, vstest.console.dll, TestRequestSender.StartTestRun: Sending test run with message: {"Version":5,"MessageType":"TestExecution.StartWithSources","Payload":{"AdapterSourceMap":{"_none_":["C:\\Users\\seerg\\source\\repos\\DesafioSoftplan\\DesfafioSoftPlan.Tests\\bin\\Debug\\netcoreapp3.1\\fine-code-coverage\\build-output\\DesfafioSoftPlan.Tests.dll"]},"RunSettings":"<RunSettings>\r\n  <RunConfiguration>\r\n    <ResultsDirectory>C:\\Users\\seerg\\source\\repos\\DesafioSoftplan\\DesfafioSoftPlan.Tests\\bin\\Debug\\netcoreapp3.1\\fine-code-coverage\\coverage-tool-output</ResultsDirectory>\r\n    <TargetPlatform>X64</TargetPlatform>\r\n    <TargetFrameworkVersion>.NETCoreApp,Version=v3.1</TargetFrameworkVersion>\r\n    <DesignMode>False</DesignMode>\r\n    <CollectSourceInformation>False</CollectSourceInformation>\r\n  </RunConfiguration>\r\n  <LoggerRunSettings>\r\n    <Loggers>\r\n      <Logger friendlyName=\"blame\" enabled=\"True\" />\r\n      <Logger friendlyName=\"Console\" uri=\"logger://microsoft/TestPlatform/ConsoleLogger/v1\" assemblyQualifiedName=\"Microsoft.VisualStudio.TestPlatform.CommandLine.Internal.ConsoleLogger, vstest.console, Version=15.0.0.0, Culture=neutral, PublicKeyToken=b03f5f7f11d50a3a\" codeBase=\"C:\\Program Files\\dotnet\\sdk\\5.0.300\\vstest.console.dll\" enabled=\"True\" />\r\n    </Loggers>\r\n  </LoggerRunSettings>\r\n  <DataCollectionRunSettings>\r\n    <DataCollectors>\r\n      <DataCollector friendlyName=\"blame\" enabled=\"True\">\r\n        <Configuration>\r\n          <ResultsDirectory>C:\\Users\\seerg\\source\\repos\\DesafioSoftplan\\DesfafioSoftPlan.Tests\\bin\\Debug\\netcoreapp3.1\\fine-code-coverage\\coverage-tool-output</ResultsDirectory>\r\n        </Configuration>\r\n      </DataCollector>\r\n    </DataCollectors>\r\n  </DataCollectionRunSettings>\r\n</RunSettings>","TestExecutionContext":{"FrequencyOfRunStatsChangeEvent":10,"RunStatsChangeEventTimeout":"00:00:01.5000000","InIsolation":false,"KeepAlive":false,"AreTestCaseLevelEventsRequired":false,"IsDebug":false,"TestCaseFilter":null,"FilterOptions":null},"Package":null}}
TpTrace Verbose: 0 : 18764, 4, 2021/08/09, 13:51:31.470, 349242078163, vstest.console.dll, TestRunRequest:SendTestRunMessage: Starting.
TpTrace Information: 0 : 18764, 4, 2021/08/09, 13:51:31.470, 349242080944, vstest.console.dll, TestRunRequest:SendTestRunMessage: Completed.
TpTrace Verbose: 0 : 18764, 4, 2021/08/09, 13:51:31.470, 349242082099, vstest.console.dll, TcpClientExtensions.MessageLoopAsync: Polling on remoteEndPoint: 127.0.0.1:60710 localEndPoint: 127.0.0.1:60709
TpTrace Verbose: 0 : 18764, 4, 2021/08/09, 13:51:32.478, 349252159027, vstest.console.dll, TcpClientExtensions.MessageLoopAsync: Polling on remoteEndPoint: 127.0.0.1:60710 localEndPoint: 127.0.0.1:60709
TpTrace Verbose: 0 : 18764, 4, 2021/08/09, 13:51:33.234, 349259720382, vstest.console.dll, TcpClientExtensions.MessageLoopAsync: NotifyDataAvailable remoteEndPoint: 127.0.0.1:60710 localEndPoint: 127.0.0.1:60709
TpTrace Verbose: 0 : 18764, 4, 2021/08/09, 13:51:33.234, 349259725710, vstest.console.dll, TestRequestSender.OnExecutionMessageReceived: Received message: {"Version":5,"MessageType":"TestExecution.StatsChange","Payload":{"NewTestResults":[{"TestCase":{"Id":"db6e23d3-2133-7440-4a0d-f2157bec90b0","FullyQualifiedName":"DesfafioSoftPlan.Tests.JurosTests.Juros_VerificaTaxaDeJuros_Valido","DisplayName":"Juros_VerificaTaxaDeJuros_Valido (0,01)","ExecutorUri":"executor://MSTestAdapter/v2","Source":"C:\\Users\\seerg\\source\\repos\\DesafioSoftplan\\DesfafioSoftPlan.Tests\\bin\\Debug\\netcoreapp3.1\\fine-code-coverage\\build-output\\DesfafioSoftPlan.Tests.dll","CodeFilePath":null,"LineNumber":-1,"Properties":[{"Key":{"Id":"TestCase.ManagedType","Label":"ManagedType","Category":"","Description":"","Attributes":1,"ValueType":"System.String"},"Value":"DesfafioSoftPlan.Tests.JurosTests"},{"Key":{"Id":"TestCase.ManagedMethod","Label":"ManagedMethod","Category":"","Description":"","Attributes":1,"ValueType":"System.String"},"Value":"Juros_VerificaTaxaDeJuros_Valido(System.Double)"},{"Key":{"Id":"MSTestDiscoverer.TestClassName","Label":"ClassName","Category":"","Description":"","Attributes":1,"ValueType":"System.String"},"Value":"DesfafioSoftPlan.Tests.JurosTests"},{"Key":{"Id":"TestCase.Hierarchy","Label":"Hierarchy","Category":"","Description":"","Attributes":2,"ValueType":"System.String[]"},"Value":["DesfafioSoftPlan.Tests","JurosTests"]},{"Key":{"Id":"MSTestDiscoverer.TestCategory","Label":"TestCategory","Category":"","Description":"","Attributes":5,"ValueType":"System.String[]"},"Value":["Juros"]},{"Key":{"Id":"TestObject.Traits","Label":"Traits","Category":"","Description":"","Attributes":5,"ValueType":"System.Collections.Generic.KeyValuePair`2[[System.String],[System.String]][]"},"Value":[]},{"Key":{"Id":"MSTest.DynamicDataType","Label":"DynamicDataType","Category":"","Description":"","Attributes":1,"ValueType":"System.Int32"},"Value":2},{"Key":{"Id":"MSTest.DynamicData","Label":"DynamicData","Category":"","Description":"","Attributes":1,"ValueType":"System.String[]"},"Value":["System.Double, System.Private.CoreLib, Version=4.0.0.0, Culture=neutral, PublicKeyToken=7cec85d7bea7798e","0.01"]}]},"Attachments":[],"Outcome":1,"ErrorMessage":null,"ErrorStackTrace":null,"DisplayName":"Juros_VerificaTaxaDeJuros_Valido (0,01)","Messages":[],"ComputerName":null,"Duration":"00:00:00.4615068","StartTime":"2021-08-09T13:51:32.5891053-03:00","EndTime":"2021-08-09T13:51:33.0962422-03:00","Properties":[{"Key":{"Id":"ExecutionId","Label":"ExecutionId","Category":"","Description":"","Attributes":1,"ValueType":"System.Guid"},"Value":"00000000-0000-0000-0000-000000000000"},{"Key":{"Id":"ParentExecId","Label":"ParentExecId","Category":"","Description":"","Attributes":1,"ValueType":"System.Guid"},"Value":"00000000-0000-0000-0000-000000000000"},{"Key":{"Id":"InnerResultsCount","Label":"InnerResultsCount","Category":"","Description":"","Attributes":1,"ValueType":"System.Int32"},"Value":0}]},{"TestCase":{"Id":"851e0689-56ad-cc43-3188-dfd1297e46a1","FullyQualifiedName":"DesfafioSoftPlan.Tests.JurosTests.Juros_VerificaTaxaDeJuros_Invalid","DisplayName":"Juros_VerificaTaxaDeJuros_Invalid (0,02)","ExecutorUri":"executor://MSTestAdapter/v2","Source":"C:\\Users\\seerg\\source\\repos\\DesafioSoftplan\\DesfafioSoftPlan.Tests\\bin\\Debug\\netcoreapp3.1\\fine-code-coverage\\build-output\\DesfafioSoftPlan.Tests.dll","CodeFilePath":null,"LineNumber":-1,"Properties":[{"Key":{"Id":"TestCase.ManagedType","Label":"ManagedType","Category":"","Description":"","Attributes":1,"ValueType":"System.String"},"Value":"DesfafioSoftPlan.Tests.JurosTests"},{"Key":{"Id":"TestCase.ManagedMethod","Label":"ManagedMethod","Category":"","Description":"","Attributes":1,"ValueType":"System.String"},"Value":"Juros_VerificaTaxaDeJuros_Invalid(System.Double)"},{"Key":{"Id":"MSTestDiscoverer.TestClassName","Label":"ClassName","Category":"","Description":"","Attributes":1,"ValueType":"System.String"},"Value":"DesfafioSoftPlan.Tests.JurosTests"},{"Key":{"Id":"TestCase.Hierarchy","Label":"Hierarchy","Category":"","Description":"","Attributes":2,"ValueType":"System.String[]"},"Value":["DesfafioSoftPlan.Tests","JurosTests"]},{"Key":{"Id":"MSTestDiscoverer.TestCategory","Label":"TestCategory","Category":"","Description":"","Attributes":5,"ValueType":"System.String[]"},"Value":["Juros"]},{"Key":{"Id":"TestObject.Traits","Label":"Traits","Category":"","Description":"","Attributes":5,"ValueType":"System.Collections.Generic.KeyValuePair`2[[System.String],[System.String]][]"},"Value":[]},{"Key":{"Id":"MSTest.DynamicDataType","Label":"DynamicDataType","Category":"","Description":"","Attributes":1,"ValueType":"System.Int32"},"Value":2},{"Key":{"Id":"MSTest.DynamicData","Label":"DynamicData","Category":"","Description":"","Attributes":1,"ValueType":"System.String[]"},"Value":["System.Double, System.Private.CoreLib, Version=4.0.0.0, Culture=neutral, PublicKeyToken=7cec85d7bea7798e","0.02"]}]},"Attachments":[],"Outcome":1,"ErrorMessage":null,"ErrorStackTrace":null,"DisplayName":"Juros_VerificaTaxaDeJuros_Invalid (0,02)","Messages":[],"ComputerName":null,"Duration":"00:00:00.0008725","StartTime":"2021-08-09T13:51:33.1522675-03:00","EndTime":"2021-08-09T13:51:33.154373-03:00","Properties":[{"Key":{"Id":"ExecutionId","Label":"ExecutionId","Category":"","Description":"","Attributes":1,"ValueType":"System.Guid"},"Value":"00000000-0000-0000-0000-000000000000"},{"Key":{"Id":"ParentExecId","Label":"ParentExecId","Category":"","Description":"","Attributes":1,"ValueType":"System.Guid"},"Value":"00000000-0000-0000-0000-000000000000"},{"Key":{"Id":"InnerResultsCount","Label":"InnerResultsCount","Category":"","Description":"","Attributes":1,"ValueType":"System.Int32"},"Value":0}]},{"TestCase":{"Id":"738924bb-ab1b-b860-85c2-24d2cba9c045","FullyQualifiedName":"DesfafioSoftPlan.Tests.JurosTests.Juros_CalculaOValorDosJuros_Valid","DisplayName":"Juros_CalculaOValorDosJuros_Valid (100,5,105,10)","ExecutorUri":"executor://MSTestAdapter/v2","Source":"C:\\Users\\seerg\\source\\repos\\DesafioSoftplan\\DesfafioSoftPlan.Tests\\bin\\Debug\\netcoreapp3.1\\fine-code-coverage\\build-output\\DesfafioSoftPlan.Tests.dll","CodeFilePath":null,"LineNumber":-1,"Properties":[{"Key":{"Id":"TestCase.ManagedType","Label":"ManagedType","Category":"","Description":"","Attributes":1,"ValueType":"System.String"},"Value":"DesfafioSoftPlan.Tests.JurosTests"},{"Key":{"Id":"TestCase.ManagedMethod","Label":"ManagedMethod","Category":"","Description":"","Attributes":1,"ValueType":"System.String"},"Value":"Juros_CalculaOValorDosJuros_Valid(System.Double,System.Int32,System.String)"},{"Key":{"Id":"MSTestDiscoverer.TestClassName","Label":"ClassName","Category":"","Description":"","Attributes":1,"ValueType":"System.String"},"Value":"DesfafioSoftPlan.Tests.JurosTests"},{"Key":{"Id":"TestCase.Hierarchy","Label":"Hierarchy","Category":"","Description":"","Attributes":2,"ValueType":"System.String[]"},"Value":["DesfafioSoftPlan.Tests","JurosTests"]},{"Key":{"Id":"MSTestDiscoverer.TestCategory","Label":"TestCategory","Category":"","Description":"","Attributes":5,"ValueType":"System.String[]"},"Value":["Juros"]},{"Key":{"Id":"TestObject.Traits","Label":"Traits","Category":"","Description":"","Attributes":5,"ValueType":"System.Collections.Generic.KeyValuePair`2[[System.String],[System.String]][]"},"Value":[]},{"Key":{"Id":"MSTest.DynamicDataType","Label":"DynamicDataType","Category":"","Description":"","Attributes":1,"ValueType":"System.Int32"},"Value":2},{"Key":{"Id":"MSTest.DynamicData","Label":"DynamicData","Category":"","Description":"","Attributes":1,"ValueType":"System.String[]"},"Value":["System.Int32, System.Private.CoreLib, Version=4.0.0.0, Culture=neutral, PublicKeyToken=7cec85d7bea7798e","100","System.Int32, System.Private.CoreLib, Version=4.0.0.0, Culture=neutral, PublicKeyToken=7cec85d7bea7798e","5","System.String, System.Private.CoreLib, Version=4.0.0.0, Culture=neutral, PublicKeyToken=7cec85d7bea7798e","\"105,10\""]}]},"Attachments":[],"Outcome":1,"ErrorMessage":null,"ErrorStackTrace":null,"DisplayName":"Juros_CalculaOValorDosJuros_Valid (100,5,105,10)","Messages":[],"ComputerName":null,"Duration":"00:00:00.0024918","StartTime":"2021-08-09T13:51:33.1657018-03:00","EndTime":"2021-08-09T13:51:33.1693772-03:00","Properties":[{"Key":{"Id":"ExecutionId","Label":"ExecutionId","Category":"","Description":"","Attributes":1,"ValueType":"System.Guid"},"Value":"00000000-0000-0000-0000-000000000000"},{"Key":{"Id":"ParentExecId","Label":"ParentExecId","Category":"","Description":"","Attributes":1,"ValueType":"System.Guid"},"Value":"00000000-0000-0000-0000-000000000000"},{"Key":{"Id":"InnerResultsCount","Label":"InnerResultsCount","Category":"","Description":"","Attributes":1,"ValueType":"System.Int32"},"Value":0}]}],"TestRunStatistics":{"ExecutedTests":3,"Stats":{"Passed":3}},"ActiveTests":[{"Id":"0425de1d-a5cf-d24d-2abd-38a59a585941","FullyQualifiedName":"DesfafioSoftPlan.Tests.JurosTests.Juros_CalculaOValorDosJuros_Invalid","DisplayName":"Juros_CalculaOValorDosJuros_Invalid (100,5,106,1)","ExecutorUri":"executor://MSTestAdapter/v2","Source":"C:\\Users\\seerg\\source\\repos\\DesafioSoftplan\\DesfafioSoftPlan.Tests\\bin\\Debug\\netcoreapp3.1\\fine-code-coverage\\build-output\\DesfafioSoftPlan.Tests.dll","CodeFilePath":null,"LineNumber":-1,"Properties":[{"Key":{"Id":"TestCase.ManagedType","Label":"ManagedType","Category":"","Description":"","Attributes":1,"ValueType":"System.String"},"Value":"DesfafioSoftPlan.Tests.JurosTests"},{"Key":{"Id":"TestCase.ManagedMethod","Label":"ManagedMethod","Category":"","Description":"","Attributes":1,"ValueType":"System.String"},"Value":"Juros_CalculaOValorDosJuros_Invalid(System.Double,System.Int32,System.Double)"},{"Key":{"Id":"MSTestDiscoverer.TestClassName","Label":"ClassName","Category":"","Description":"","Attributes":1,"ValueType":"System.String"},"Value":"DesfafioSoftPlan.Tests.JurosTests"},{"Key":{"Id":"TestCase.Hierarchy","Label":"Hierarchy","Category":"","Description":"","Attributes":2,"ValueType":"System.String[]"},"Value":["DesfafioSoftPlan.Tests","JurosTests"]},{"Key":{"Id":"MSTestDiscoverer.TestCategory","Label":"TestCategory","Category":"","Description":"","Attributes":5,"ValueType":"System.String[]"},"Value":["Juros"]},{"Key":{"Id":"TestObject.Traits","Label":"Traits","Category":"","Description":"","Attributes":5,"ValueType":"System.Collections.Generic.KeyValuePair`2[[System.String],[System.String]][]"},"Value":[]},{"Key":{"Id":"MSTest.DynamicDataType","Label":"DynamicDataType","Category":"","Description":"","Attributes":1,"ValueType":"System.Int32"},"Value":2},{"Key":{"Id":"MSTest.DynamicData","Label":"DynamicData","Category":"","Description":"","Attributes":1,"ValueType":"System.String[]"},"Value":["System.Int32, System.Private.CoreLib, Version=4.0.0.0, Culture=neutral, PublicKeyToken=7cec85d7bea7798e","100","System.Int32, System.Private.CoreLib, Version=4.0.0.0, Culture=neutral, PublicKeyToken=7cec85d7bea7798e","5","System.Double, System.Private.CoreLib, Version=4.0.0.0, Culture=neutral, PublicKeyToken=7cec85d7bea7798e","106.1"]}]}]}}
TpTrace Verbose: 0 : 18764, 4, 2021/08/09, 13:51:33.367, 349261049298, vstest.console.dll, TestRunRequest:SendTestRunStatsChange: Starting.
TpTrace Verbose: 0 : 18764, 4, 2021/08/09, 13:51:33.367, 349261052194, vstest.console.dll, InProgress is Juros_CalculaOValorDosJuros_Invalid (100,5,106,1)
TpTrace Information: 0 : 18764, 4, 2021/08/09, 13:51:33.367, 349261055654, vstest.console.dll, TestRunRequest:SendTestRunStatsChange: Completed.
TpTrace Verbose: 0 : 18764, 4, 2021/08/09, 13:51:33.368, 349261056646, vstest.console.dll, TcpClientExtensions.MessageLoopAsync: Polling on remoteEndPoint: 127.0.0.1:60710 localEndPoint: 127.0.0.1:60709
TpTrace Verbose: 0 : 18764, 4, 2021/08/09, 13:51:33.368, 349261057489, vstest.console.dll, TcpClientExtensions.MessageLoopAsync: NotifyDataAvailable remoteEndPoint: 127.0.0.1:60710 localEndPoint: 127.0.0.1:60709
TpTrace Verbose: 0 : 18764, 4, 2021/08/09, 13:51:33.368, 349261059665, vstest.console.dll, TestRequestSender.OnExecutionMessageReceived: Received message: {"Version":5,"MessageType":"TestExecution.Completed","Payload":{"TestRunCompleteArgs":{"TestRunStatistics":{"ExecutedTests":5,"Stats":{"Passed":5}},"IsCanceled":false,"IsAborted":false,"Error":null,"AttachmentSets":[],"ElapsedTimeInRunningTests":"00:00:01.4261477","Metrics":{}},"LastRunTests":{"NewTestResults":[{"TestCase":{"Id":"0425de1d-a5cf-d24d-2abd-38a59a585941","FullyQualifiedName":"DesfafioSoftPlan.Tests.JurosTests.Juros_CalculaOValorDosJuros_Invalid","DisplayName":"Juros_CalculaOValorDosJuros_Invalid (100,5,106,1)","ExecutorUri":"executor://MSTestAdapter/v2","Source":"C:\\Users\\seerg\\source\\repos\\DesafioSoftplan\\DesfafioSoftPlan.Tests\\bin\\Debug\\netcoreapp3.1\\fine-code-coverage\\build-output\\DesfafioSoftPlan.Tests.dll","CodeFilePath":null,"LineNumber":-1,"Properties":[{"Key":{"Id":"TestCase.ManagedType","Label":"ManagedType","Category":"","Description":"","Attributes":1,"ValueType":"System.String"},"Value":"DesfafioSoftPlan.Tests.JurosTests"},{"Key":{"Id":"TestCase.ManagedMethod","Label":"ManagedMethod","Category":"","Description":"","Attributes":1,"ValueType":"System.String"},"Value":"Juros_CalculaOValorDosJuros_Invalid(System.Double,System.Int32,System.Double)"},{"Key":{"Id":"MSTestDiscoverer.TestClassName","Label":"ClassName","Category":"","Description":"","Attributes":1,"ValueType":"System.String"},"Value":"DesfafioSoftPlan.Tests.JurosTests"},{"Key":{"Id":"TestCase.Hierarchy","Label":"Hierarchy","Category":"","Description":"","Attributes":2,"ValueType":"System.String[]"},"Value":["DesfafioSoftPlan.Tests","JurosTests"]},{"Key":{"Id":"MSTestDiscoverer.TestCategory","Label":"TestCategory","Category":"","Description":"","Attributes":5,"ValueType":"System.String[]"},"Value":["Juros"]},{"Key":{"Id":"TestObject.Traits","Label":"Traits","Category":"","Description":"","Attributes":5,"ValueType":"System.Collections.Generic.KeyValuePair`2[[System.String],[System.String]][]"},"Value":[]},{"Key":{"Id":"MSTest.DynamicDataType","Label":"DynamicDataType","Category":"","Description":"","Attributes":1,"ValueType":"System.Int32"},"Value":2},{"Key":{"Id":"MSTest.DynamicData","Label":"DynamicData","Category":"","Description":"","Attributes":1,"ValueType":"System.String[]"},"Value":["System.Int32, System.Private.CoreLib, Version=4.0.0.0, Culture=neutral, PublicKeyToken=7cec85d7bea7798e","100","System.Int32, System.Private.CoreLib, Version=4.0.0.0, Culture=neutral, PublicKeyToken=7cec85d7bea7798e","5","System.Double, System.Private.CoreLib, Version=4.0.0.0, Culture=neutral, PublicKeyToken=7cec85d7bea7798e","106.1"]}]},"Attachments":[],"Outcome":1,"ErrorMessage":null,"ErrorStackTrace":null,"DisplayName":"Juros_CalculaOValorDosJuros_Invalid (100,5,106,1)","Messages":[],"ComputerName":null,"Duration":"00:00:00.0012145","StartTime":"2021-08-09T13:51:33.2394364-03:00","EndTime":"2021-08-09T13:51:33.2413174-03:00","Properties":[{"Key":{"Id":"ExecutionId","Label":"ExecutionId","Category":"","Description":"","Attributes":1,"ValueType":"System.Guid"},"Value":"00000000-0000-0000-0000-000000000000"},{"Key":{"Id":"ParentExecId","Label":"ParentExecId","Category":"","Description":"","Attributes":1,"ValueType":"System.Guid"},"Value":"00000000-0000-0000-0000-000000000000"},{"Key":{"Id":"InnerResultsCount","Label":"InnerResultsCount","Category":"","Description":"","Attributes":1,"ValueType":"System.Int32"},"Value":0}]},{"TestCase":{"Id":"e41f3926-055e-961a-1897-6b7f0ca50d69","FullyQualifiedName":"DesfafioSoftPlan.Tests.JurosTests.Juros_CalculaOValorDosJuros_Invalid","DisplayName":"Juros_CalculaOValorDosJuros_Invalid (0,5,106,1)","ExecutorUri":"executor://MSTestAdapter/v2","Source":"C:\\Users\\seerg\\source\\repos\\DesafioSoftplan\\DesfafioSoftPlan.Tests\\bin\\Debug\\netcoreapp3.1\\fine-code-coverage\\build-output\\DesfafioSoftPlan.Tests.dll","CodeFilePath":null,"LineNumber":-1,"Properties":[{"Key":{"Id":"TestCase.ManagedType","Label":"ManagedType","Category":"","Description":"","Attributes":1,"ValueType":"System.String"},"Value":"DesfafioSoftPlan.Tests.JurosTests"},{"Key":{"Id":"TestCase.ManagedMethod","Label":"ManagedMethod","Category":"","Description":"","Attributes":1,"ValueType":"System.String"},"Value":"Juros_CalculaOValorDosJuros_Invalid(System.Double,System.Int32,System.Double)"},{"Key":{"Id":"MSTestDiscoverer.TestClassName","Label":"ClassName","Category":"","Description":"","Attributes":1,"ValueType":"System.String"},"Value":"DesfafioSoftPlan.Tests.JurosTests"},{"Key":{"Id":"TestCase.Hierarchy","Label":"Hierarchy","Category":"","Description":"","Attributes":2,"ValueType":"System.String[]"},"Value":["DesfafioSoftPlan.Tests","JurosTests"]},{"Key":{"Id":"MSTestDiscoverer.TestCategory","Label":"TestCategory","Category":"","Description":"","Attributes":5,"ValueType":"System.String[]"},"Value":["Juros"]},{"Key":{"Id":"TestObject.Traits","Label":"Traits","Category":"","Description":"","Attributes":5,"ValueType":"System.Collections.Generic.KeyValuePair`2[[System.String],[System.String]][]"},"Value":[]},{"Key":{"Id":"MSTest.DynamicDataType","Label":"DynamicDataType","Category":"","Description":"","Attributes":1,"ValueType":"System.Int32"},"Value":2},{"Key":{"Id":"MSTest.DynamicData","Label":"DynamicData","Category":"","Description":"","Attributes":1,"ValueType":"System.String[]"},"Value":["System.Int32, System.Private.CoreLib, Version=4.0.0.0, Culture=neutral, PublicKeyToken=7cec85d7bea7798e","0","System.Int32, System.Private.CoreLib, Version=4.0.0.0, Culture=neutral, PublicKeyToken=7cec85d7bea7798e","5","System.Double, System.Private.CoreLib, Version=4.0.0.0, Culture=neutral, PublicKeyToken=7cec85d7bea7798e","106.1"]}]},"Attachments":[],"Outcome":1,"ErrorMessage":null,"ErrorStackTrace":null,"DisplayName":"Juros_CalculaOValorDosJuros_Invalid (0,5,106,1)","Messages":[],"ComputerName":null,"Duration":"00:00:00.0000509","StartTime":"2021-08-09T13:51:33.2458593-03:00","EndTime":"2021-08-09T13:51:33.2465034-03:00","Properties":[{"Key":{"Id":"ExecutionId","Label":"ExecutionId","Category":"","Description":"","Attributes":1,"ValueType":"System.Guid"},"Value":"00000000-0000-0000-0000-000000000000"},{"Key":{"Id":"ParentExecId","Label":"ParentExecId","Category":"","Description":"","Attributes":1,"ValueType":"System.Guid"},"Value":"00000000-0000-0000-0000-000000000000"},{"Key":{"Id":"InnerResultsCount","Label":"InnerResultsCount","Category":"","Description":"","Attributes":1,"ValueType":"System.Int32"},"Value":0}]}],"TestRunStatistics":{"ExecutedTests":5,"Stats":{"Passed":5}},"ActiveTests":[]},"RunAttachments":[],"ExecutorUris":["executor://mstestadapter/v2"]}}
TpTrace Verbose: 0 : 18764, 4, 2021/08/09, 13:51:33.369, 349261068521, vstest.console.dll, TestRequestSender.EndSession: Sending end session.
TpTrace Verbose: 0 : 18764, 4, 2021/08/09, 13:51:33.369, 349261070879, vstest.console.dll, ProxyOperationManager.Close: waiting for test host to exit for 100 ms
TpTrace Warning: 0 : 18764, 12, 2021/08/09, 13:51:33.387, 349261250585, vstest.console.dll, TestHostManagerCallbacks.ErrorReceivedCallback Test host standard error line: 
TpTrace Verbose: 0 : 18764, 7, 2021/08/09, 13:51:33.393, 349261311054, vstest.console.dll, TestHostProvider.ExitCallBack: Host exited starting callback.
TpTrace Information: 0 : 18764, 7, 2021/08/09, 13:51:33.394, 349261318496, vstest.console.dll, TestHostManagerCallbacks.ExitCallBack: Testhost processId: 20984 exited with exitcode: 0 error: ''
TpTrace Verbose: 0 : 18764, 7, 2021/08/09, 13:51:33.394, 349261319637, vstest.console.dll, DotnetTestHostManager.OnHostExited: invoking OnHostExited callback
TpTrace Verbose: 0 : 18764, 7, 2021/08/09, 13:51:33.394, 349261320399, vstest.console.dll, CrossPlatEngine.TestHostManagerHostExited: calling on client process exit callback.
TpTrace Information: 0 : 18764, 7, 2021/08/09, 13:51:33.394, 349261321159, vstest.console.dll, TestRequestSender.OnClientProcessExit: Test host process exited. Standard error: 
TpTrace Warning: 0 : 18764, 4, 2021/08/09, 13:51:33.394, 349261321474, vstest.console.dll, ProxyOperationManager: Timed out waiting for test host to exit. Will terminate process.
TpTrace Information: 0 : 18764, 7, 2021/08/09, 13:51:33.394, 349261321768, vstest.console.dll, SocketServer.Stop: Stop server endPoint: 127.0.0.1:60709
TpTrace Information: 0 : 18764, 7, 2021/08/09, 13:51:33.394, 349261323082, vstest.console.dll, SocketServer.Stop: Cancellation requested. Stopping message loop.
TpTrace Verbose: 0 : 18764, 4, 2021/08/09, 13:51:33.395, 349261332728, vstest.console.dll, ProxyDataCollectionManager.InvokeDataCollectionServiceAction: Starting.
TpTrace Information: 0 : 18764, 4, 2021/08/09, 13:51:33.395, 349261333694, vstest.console.dll, ProxyDataCollectionManager.AfterTestRunEnd: Get attachment set for datacollector processId: 18112 port: 60706
TpTrace Verbose: 0 : 18764, 4, 2021/08/09, 13:51:33.395, 349261335148, vstest.console.dll, DataCollectionRequestSender.SendAfterTestRunStartAndGetResult : Send AfterTestRunEnd message with isCancelled: False
TpTrace Verbose: 0 : 18764, 4, 2021/08/09, 13:51:33.401, 349261392609, vstest.console.dll, DataCollectionRequestSender.SendAfterTestRunStartAndGetResult : Received message: (DataCollection.AfterTestRunEndResult) -> {
  "AttachmentSets": [],
  "Metrics": {}
}
TpTrace Information: 0 : 18764, 4, 2021/08/09, 13:51:33.404, 349261423329, vstest.console.dll, ProxyDataCollectionManager.InvokeDataCollectionServiceAction: Completed.
TpTrace Warning: 0 : 18764, 9, 2021/08/09, 13:51:33.409, 349261467165, vstest.console.dll, DataCollectionLauncher.ErrorReceivedCallback datacollector standard error line: 
TpTrace Information: 0 : 18764, 7, 2021/08/09, 13:51:33.415, 349261530017, vstest.console.dll, DataCollectionLauncher.ExitCallBack: Data collector exited with exitcode: 0 error: ''
TpTrace Verbose: 0 : 18764, 4, 2021/08/09, 13:51:33.448, 349261864659, vstest.console.dll, TestRunRequest:SendTestRunStatsChange: Starting.
TpTrace Information: 0 : 18764, 4, 2021/08/09, 13:51:33.449, 349261866379, vstest.console.dll, TestRunRequest:SendTestRunStatsChange: Completed.
TpTrace Verbose: 0 : 18764, 4, 2021/08/09, 13:51:33.449, 349261868977, vstest.console.dll, ParallelProxyExecutionManager: HandlePartialRunComplete: Total completed clients = 1, Run complete = True, Run canceled: False.
TpTrace Verbose: 0 : 18764, 4, 2021/08/09, 13:51:33.484, 349262222485, vstest.console.dll, TestRunRequest:TestRunComplete: Starting. IsAborted:False IsCanceled:False.
TpTrace Verbose: 0 : 18764, 4, 2021/08/09, 13:51:33.484, 349262225606, vstest.console.dll, TestLoggerManager.HandleTestRunComplete: Ignoring as the object is disposed.
TpTrace Information: 0 : 18764, 4, 2021/08/09, 13:51:33.485, 349262229843, vstest.console.dll, TestRunRequest:TestRunComplete: Completed.
TpTrace Verbose: 0 : 18764, 4, 2021/08/09, 13:51:33.485, 349262230821, vstest.console.dll, TestRequestSender.SetOperationComplete: Setting operation complete.
TpTrace Verbose: 0 : 18764, 1, 2021/08/09, 13:51:33.485, 349262230929, vstest.console.dll, TestRunRequest.Dispose: Starting.
TpTrace Information: 0 : 18764, 4, 2021/08/09, 13:51:33.485, 349262231638, vstest.console.dll, SocketServer.Stop: Stop server endPoint: 127.0.0.1:60709
TpTrace Information: 0 : 18764, 1, 2021/08/09, 13:51:33.485, 349262232796, vstest.console.dll, TestRunRequest.Dispose: Completed.
TpTrace Information: 0 : 18764, 4, 2021/08/09, 13:51:33.485, 349262233656, vstest.console.dll, SocketServer.Stop: Cancellation requested. Stopping message loop.
TpTrace Information: 0 : 18764, 1, 2021/08/09, 13:51:33.485, 349262234887, vstest.console.dll, TestRequestManager.RunTests: run tests completed.
TpTrace Information: 0 : 18764, 4, 2021/08/09, 13:51:33.485, 349262235601, vstest.console.dll, SocketServer.PrivateStop: Stop server endPoint: 127.0.0.1:60709 error: 
TpTrace Information: 0 : 18764, 1, 2021/08/09, 13:51:33.486, 349262237573, vstest.console.dll, RunTestsArgumentProcessor:Execute: Test run is completed.
TpTrace Verbose: 0 : 18764, 1, 2021/08/09, 13:51:33.486, 349262241037, vstest.console.dll, Executor.Execute: Exiting with exit code of 0
TpTrace Verbose: 0 : 18764, 4, 2021/08/09, 13:51:33.487, 349262246702, vstest.console.dll, LengthPrefixCommunicationChannel.Dispose: Dispose reader and writer.
